Found 31900 for gloss an artistic form of auditory communication incorporating instrumental or vocal tones in a structured and continuous
Found 68300 for gloss any agreeable (pleasing and harmonious) sounds; "he fell asleep to the music of the wind chimes"
Found 28300 for gloss musical activity (singing or whistling etc.); "his music was his central interest"
Found 1350000 for gloss (music) the sounds produced by singers or musical instruments (or reproductions of such sounds)
Found 19900 for gloss punishment for one's actions; "you have to face the music"; "take your medicine"
Found 91500000 for gloss a person who keeps and updates a blog
Found 7440000 for gloss someone who organizes a business venture and assumes the risk for it
Found 2090000 for gloss a school teaching mechanical and industrial arts and the applied sciences
Found 52100000 for gloss the exchange of goods for an agreed sum of money
Found 9730000 for gloss the commercial processes involved in promoting and selling and distributing a product or service; "most companies
Found 9650 for gloss shopping at a market; "does the weekly marketing at the supermarket"
Found 226000000 for gloss writes (books or stories or articles or the like) professionally (for pay)
Found 992000000 for gloss a person who is able to write and has written something
Found 758000000 for gloss someone who takes photographs professionally
Found 4930000 for gloss the act of working out the form of something (as by making a sketch or outline
Found 33300 for gloss an arrangement scheme; "the awkward design of the keyboard made operation difficult"; "it was an excellent
Found 111000 for gloss something intended as a guide for making something else; "a blueprint for a house"; "a pattern
Found 25800 for gloss a decorative or artistic work; "the coach had a design on the doors"
Found 10200000 for gloss an anticipated outcome that is intended or that guides your planned actions; "his intent was to
Found 3300000 for gloss a preliminary sketch indicating the plan for something; "the design of a building"
Found 108000000 for gloss the creation of something in the mind
Found 1810000 for gloss a person whose creative work shows sensitivity and imagination
Found 16700 for gloss information about recent and important events; "they awaited news of the outcome"
Found 12900 for gloss information reported in a newspaper or news magazine; "the news of my death was greatly exaggerated"
Found 4810000 for gloss a program devoted to current events, often using interviews and commentary; "we watch the 7 o'clock
Found 14000000 for gloss informal information of any kind that is not previously known to someone; "it was news to
Found 1520000 for gloss the quality of being sufficiently interesting to be reported in news bulletins; "the judge conceded the
Found 4620 for gloss a widely known person; "he was a baseball celebrity"
Found 15200000 for gloss the state or quality of being widely honored and acclaimed
Found 53600000 for gloss the act of playing for stakes in the hope of winning (including the payment of a
Found 37700000 for gloss light and humorous drama with a happy ending
Found 12200000 for gloss a comic incident or series of incidents
Found 1790000 for gloss any substance that can be metabolized by an animal to give energy and build tissue
Found 6550000 for gloss any solid substance (as opposed to liquid) that is used as a source of nourishment; "food
Found 9460000 for gloss anything that provides mental stimulus for thinking
Found 12600 for gloss searching for or buying goods or services; "went shopping for a reliable plumber"; "does her shopping
Found 2610 for gloss the commodities purchased from stores; "she loaded her shopping into the car"women carrying home shopping didn't
Found 14100 for gloss an account of an amusing incident (usually with a punch line); "she told a funny story";
Found 6850 for gloss the quality of being suitable; "they had to prove their fitness for the position"
Found 3920000 for gloss good physical condition; being in shape or in condition
Found 2370000 for gloss fitness to traverse the seas
Found 19300000 for gloss the quality of being qualified
Found 442000 for gloss a carnival performer who does disgusting acts
Found 1630000 for gloss a person with an unusual or odd personality
Found 120000000 for gloss a religious person who believes Jesus is the Christ and who is a member of a
Found 10200000 for gloss a learner who is enrolled in an educational institution
Found 3200000 for gloss a learned person (especially in the humanities); someone who by long study has gained mastery in
Found 88300000 for gloss a public promotion of some product or service
Found 2460000 for gloss the business of drawing public attention to goods and services
Found 2640000 for gloss informal terms for a mother
Found 110000 for gloss a message whose ingenuity or verbal skill or incongruity has the power to evoke laughter
Found 153000 for gloss the trait of appreciating (and being able to express) the humorous; "she didn't appreciate my humor";
Found 250000 for gloss a characteristic (habitual or relatively temporary) state of feeling; "whether he praised or cursed me depended
Found 15300 for gloss the quality of being funny; "I fail to see the humor in it"
Found 1290000 for gloss (Middle Ages) one of the four fluids in the body whose balance was believed to determine
Found 7800000 for gloss the liquid parts of the body
Found 4850000 for gloss a form of entertainment that enacts a story by sound and a sequence of images giving
Found 24900 for gloss a medium that disseminates moving pictures; "theater pieces transferred to celluloid"; "this story would be good
Found 5600 for gloss photographic material consisting of a base of celluloid covered with a photographic emulsion; used to make
Found 17100 for gloss a thin coating or layer; "the table was covered with a film of dust"
Found 63700 for gloss a thin sheet of (usually plastic and usually transparent) material used to wrap or cover things
Found 149000000 for gloss writes (books or stories or articles or the like) professionally (for pay)
Found 21200 for gloss someone who originates or causes or initiates something; "he was the generator of several complaints"
Found 328000 for gloss any of various games played with a ball (round or oval) in which two teams try
Found 72100 for gloss the inflated oblong ball used in playing American football
Found 23700 for gloss the act of creating written works; "writing was a form of therapy for him"; "it was
Found 12400000 for gloss the work of a writer; anything expressed in letters of the alphabet (especially when considered from
Found 1320000 for gloss (usually plural) the collected work of an author; "the idea occurs with increasing frequency in Hemingway's
Found 18200000 for gloss letters or symbols that are written or imprinted on a surface to represent the sounds or
Found 170000000 for gloss the activity of putting something in written form; "she did the thinking while he did the
Found 11900000 for gloss a series of chirps
Found 4150 for gloss the cognitive process of understanding a written linguistic message; "his main reading was detective stories"; "suggestions
Found 10400 for gloss a particular interpretation or performance; "on that reading it was an insult"; "he was famous for
Found 441000000 for gloss a datum about some physical state that is presented to a user by a meter or
Found 12300 for gloss written material intended to be read; "the teacher assigned new readings"; "he bought some reading material
Found 4040000 for gloss a mental representation of the meaning or significance of something
Found 510000 for gloss a city on the River Thames in Berkshire in southern England
Found 560000 for gloss a public instance of reciting or repeating (from memory) something prepared in advance; "the program included
Found 190000 for gloss the act of measuring with meters or similar instruments; "he has a job meter reading for
Found 51600000 for gloss a theatrical performer
Found 14600 for gloss a person who acts and gets things done; "he's a principal actor in this affair"; "when
Found 195000000 for gloss a writer for newspapers and magazines
Found 3660000 for gloss someone who keeps a diary or journal
Found 21900000 for gloss someone who develops real estate (especially someone who prepares a site for residential or commercial use)
Found 423000 for gloss photographic equipment consisting of a chemical solution for developing film
Found 295000000 for gloss someone who manufactures something
Found 6690000 for gloss someone who finds financing for and supervises the making and presentation of a show (play or
Found 4220 for gloss something that produces; "Maine is a leading producer of potatoes"; "this microorganism is a producer of
Found 281000 for gloss a social unit living together; "he moved his family to Virginia"; "It was a good Christian
Found 31600000 for gloss primary social group; parents and children; "he wanted to have a good job before starting a
Found 34700 for gloss a collection of things sharing a common attribute; "there are two classes of detergents"
Found 27400 for gloss people descended from a common ancestor; "his family has lived in Massachusetts since the Mayflower"
Found 5020 for gloss a person having kinship with another or others; "he's kin"; "he's family"
Found 25900 for gloss (biology) a taxonomic group containing one or more genera; "sharks belong to the fish family"
Found 116000 for gloss a loose affiliation of gangsters in charge of organized criminal activities
Found 89700000 for gloss an association of people who share common beliefs or activities; "the message was addressed not just
Found 54600000 for gloss a person who sings
Found 2530 for gloss United States inventor of an improved chain-stitch sewing machine (1811-1875)
Found 7290 for gloss United States writer (born in Poland) of Yiddish stories and novels (1904-1991)
Found 111000000 for gloss medium for communication
Found 1100000 for gloss an electronic receiver that detects and demodulates and amplifies transmitted signals
Found 808000 for gloss a communication system based on broadcasting electromagnetic waves
Found 79300 for gloss green color or pigment; resembling the color of growing grass
Found 1870000 for gloss a piece of open land for recreational use in an urban area; "they went for a
Found 121000 for gloss United States labor leader who was president of the American Federation of Labor from 1924 to
Found 4710000 for gloss an environmentalist who belongs to the Green Party
Found 220000 for gloss a river that rises in western Wyoming and flows southward through Utah to become a tributary
Found 92300 for gloss an area of closely cropped grass surrounding the hole on a golf course; "the ball rolled
Found 1910000 for gloss any of various leafy plants or their leaves and stems eaten as vegetables
Found 1140000 for gloss street names for ketamine
Found 70800 for gloss fruit with red or yellow or green skin and sweet to tart crisp whitish flesh
Found 3930 for gloss native Eurasian tree widely cultivated in many varieties for its firm rounded edible fruits
Found 3330000 for gloss fermented juice (of grapes especially)
Found 90400000 for gloss a red as dark as red wine
Found 22700000 for gloss the qualities that give pleasure to the senses
Found 8160000 for gloss a very attractive or seductive looking woman
Found 6080 for gloss an outstanding example of its kind; "his roses were beauties"; "when I make a mistake it's
Found 61000 for gloss a particular branch of scientific knowledge; "the science of genetics"
Found 36800 for gloss ability to produce solutions in some problem domain; "the skill of a well-trained boxer"; "the sweet
Found 382000 for gloss a hypothetical description of a complex entity or process; "the computer program was based on a
Found 130000 for gloss a type of product; "his car was an old model"
Found 57100000 for gloss a person who poses for a photographer or painter or sculptor; "the president didn't have time
Found 10400000 for gloss representation of something (sometimes on a smaller scale)
Found 26800 for gloss something to be imitated; "an exemplar of success"; "a model of clarity"; "he is the very
Found 18700 for gloss someone worthy of imitation; "every child needs a role model"
Found 5220 for gloss a representative form or pattern; "I profited from his example"
Found 20800 for gloss a woman who wears clothes to display fashions; "she was too fat to be a mannequin"
Found 23300000 for gloss the act of representing something (usually on a smaller scale)
Found 1610000 for gloss someone who practices homosexuality; having a sexual attraction to persons of the same sex
Found 83500 for gloss the most common medium of exchange; functions as legal tender; "we tried to collect the money
Found 209000 for gloss wealth reckoned in terms of money; "all his money is in real estate"
Found 11500 for gloss the official currency issued by a government or national bank; "he changed his money into francs"
Found 234000 for gloss a characteristic state or mode of living; "social life"; "city life"; "real life"
Found 3780000 for gloss the experience of being alive; the course of human events and activities; "he could no longer
Found 10300000 for gloss the course of existence of an individual; the actions and events that occur in living; "he
Found 29100 for gloss the condition of living or the state of being alive; "while there's life there's hope"; "life
Found 492000 for gloss the period during which something is functional (as between birth and death); "the battery had a
Found 921000 for gloss the period between birth and the present time; "I have known him all his life"
Found 13800 for gloss the period from the present until death; "he appointed himself emperor for life"
Found 16600 for gloss a living person; "his heroism saved a life"
Found 17600000 for gloss animation and energy in action or expression; "it was a heavy play and the actors tried
Found 28000 for gloss living things collectively; "the oceans are teeming with life"
Found 329000 for gloss the organic phenomenon that distinguishes living organisms from nonliving ones; "there is no life on the
Found 559000000 for gloss an account of the series of events making up a person's life
Found 6190 for gloss a motive for living; "pottery was his life"
Found 8070000 for gloss a prison term lasting as long as the prisoner lives; "he got life for killing the
Found 33900000 for gloss the commercial activity of providing funds and capital
Found 8190000 for gloss the branch of economics that studies the management of money and other assets
Found 156000000 for gloss the management of money and credit and banking and investments
Found 18300000 for gloss a composer of words or music for popular songs
Found 10000 for gloss the totality of surrounding conditions; "he longed for the comfortable environment of his living room"
Found 4500 for gloss the area in which something exists or lives; "the country--the flat agricultural surround"
Found 1650000 for gloss a football game in which two teams of 11 players try to kick or head a
Found 1650000 for gloss arousal of the mind to special unusual activity or creativity
Found 68600 for gloss a product of your creative thinking and work; "he had little respect for the inspirations of
Found 1340000 for gloss a sudden intuition as part of solving a problem
Found 2250000 for gloss (theology) a special influence of a divinity on the minds of human beings; "they believe that
Found 6440000 for gloss arousing to a particular emotion or action
Found 910000 for gloss the act of inhaling; the drawing in of air (or other gases) as in breathing
Found 4920000 for gloss (American football) a play in which a player attempts to carry the ball through or past
Found 66300 for gloss the act of running; traveling on foot at a fast pace; "he broke into a run";
Found 5940 for gloss the state of being in operation; "the engine is running smoothly"
Found 12700000 for gloss the act of administering or being in charge of something; "he has responsibility for the running
Found 815000 for gloss the act of participating in an athletic competition involving running on a track
Found 24700000 for gloss a creation (a new device or process) resulting from study and experimentation
Found 222000000 for gloss the creation of something in the mind
Found 1850000 for gloss the act of starting something for the first time; introducing something new; "she looked forward to
Found 13900 for gloss an expert who gives advice; "an adviser helped students select their courses"; "the United States sent
Found 30900000 for gloss the social event at which the ceremony of marriage is performed
Found 21100 for gloss the act of marrying; the nuptial ceremony; "their marriage was conducted in the chapel"
Found 676000000 for gloss a party of people at a wedding
Found 127000000 for gloss the sport of traveling on a bicycle or motorcycle
Found 226000 for gloss a game played on a large open course with 9 or 18 holes; the object is
Found 66000 for gloss a waterproof raincoat made of rubberized fabric
Found 142000000 for gloss a female actor
Found 409000 for gloss the act of stigmatizing
Found 142000000 for gloss someone who expresses in language; someone who talks (especially someone who delivers a public speech or
Found 4910 for gloss electro-acoustic transducer that converts electrical signals into sounds loud enough to be heard at a distance
Found 18500 for gloss the presiding officer of a deliberative assembly; "the leader of the majority party is the Speaker
Found 9100 for gloss a lump or mass of hard consolidated mineral matter; "he threw a rock at me"
Found 39000 for gloss material consisting of the aggregate of minerals like those making up the Earth's crust; "that mountain
Found 1840 for gloss United States gynecologist and devout Catholic who conducted the first clinical trials of the oral contraceptive
Found 8560 for gloss (figurative) someone who is strong and stable and dependable; "he was her rock during the crisis";
Found 28200 for gloss hard bright-colored stick candy (typically flavored with peppermint)
Found 2380000 for gloss a genre of popular music originating in the 1950s; a blend of black rhythm-and-blues with white
Found 2550000 for gloss pitching dangerously to one side
Found 22000 for gloss a particular society at a particular time and place; "early Mayan civilization"
Found 208000 for gloss the tastes in art and manners that are favored by a social group
Found 190000000 for gloss all the knowledge and values shared by a society
Found 147000 for gloss (biology) the growing of microorganisms in a nutrient medium (such as gelatin or agar); "the culture
Found 73100 for gloss a highly developed state of perfection; having a flawless or impeccable quality; "they performed with great
Found 3100000 for gloss the attitudes and behavior that are characteristic of a particular social group or organization; "the developing
Found 14900 for gloss the raising of plants or animals; "the culture of oysters"
Found 70200000 for gloss a person who designs and writes and tests computer programs
Found 19500000 for gloss property or income owned by a church
Found 20300000 for gloss concern with things of the spirit
Found 857000 for gloss a river in southwestern Alabama; flows into Mobile Bay
Found 430000 for gloss a port in southwestern Alabama on Mobile Bay
Found 14300 for gloss sculpture suspended in midair whose delicately balanced parts can be set in motion by air currents
Found 146000000 for gloss an architectural product or work
Found 35800 for gloss the discipline dealing with the principles of design and construction and ornamentation of fine buildings; "architecture
Found 6010000 for gloss the profession of designing buildings and environments with consideration for their esthetic effect
Found 2370000 for gloss (computer science) the structure and organization of a computer's hardware or system software; "the architecture of
Found 17400 for gloss the activity of leading; "his leadership inspired the team"
Found 9050 for gloss the body of people who lead a group; "the national leadership adopted his plan"
Found 6490 for gloss the status of a leader; "they challenged his leadership of the union"
Found 4910 for gloss the ability to lead; "he believed that leadership can be taught"
Found 32200000 for gloss the property of being sustainable
Found 20800 for gloss a general name for alcoholic beverages made by fermenting a cereal (or mixture of cereals) flavored
Found 154000 for gloss an adornment (as a bracelet or ring or necklace) made of precious metals and set with
Found 11000000 for gloss taking a series of rhythmical steps (and movements) in time to music
Found 32200000 for gloss (computer science) written programs or procedures or rules and associated documentation pertaining to the operation of
Found 94800 for gloss a building where theatrical performances or motion-picture shows can be presented; "the house was full"
Found 211000000 for gloss the art of writing and producing plays
Found 29600000 for gloss a region in which active military operations are in progress; "the army was in the field
Found 13800000 for gloss a person who is reluctant to accept changes and new ideas
Found 1030000000 for gloss a member of a Conservative Party
Found 26400 for gloss a stringed instrument usually having six strings; played by strumming or plucking
Found 24000 for gloss an organization to gain political power; "in 1992 Perot tried to organize a third party at
Found 9870 for gloss a group of people gathered together for pleasure; "she joined the party after dinner"
Found 28500000 for gloss a band of people associated temporarily in some activity; "they organized a party to search for
Found 127000 for gloss an occasion on which people can assemble for social interaction and entertainment; "he planned a party
Found 2440000 for gloss a person involved in legal proceedings; "the party of the first part"
Found 10600000 for gloss the discipline that studies the principles of transmiting information and the methods by which it is
Found 391000000 for gloss a woman who has given birth to a child (also used as a term of address
Found 4330 for gloss a stringy slimy substance consisting of yeast cells and bacteria; forms during fermentation and is added
Found 8640000 for gloss a term of address for an elderly woman
Found 3940000 for gloss a term of address for a mother superior
Found 7700000 for gloss a condition that is the inspiration for an activity or situation; "necessity is the mother of
Found 15200000 for gloss a ball game played with a bat and ball between two teams of nine players; teams
Found 394000000 for gloss a ball used in playing baseball
Found 337000000 for gloss a building where people go to eat
Found 133000000 for gloss (sports) someone in charge of training an athlete or a team
Found 5830000 for gloss a person who gives private instruction (as in singing, acting, etc.)
Found 512000 for gloss a railcar where passengers ride
Found 308000 for gloss a carriage pulled by four horses with one driver
Found 47300 for gloss a vehicle carrying many passengers; used for public transport; "he always rode the bus to work"
Found 26900 for gloss broadcasting visual images of stationary or moving objects; "she is a star of screen and video";
Found 204000 for gloss a telecommunication system that transmits images of objects (stationary or moving) between distant points
Found 653000 for gloss an electronic device that receives television signals and displays them on a screen; "the British call
Found 37100000 for gloss an open-source version of the UNIX operating system
Found 5730 for gloss the act of setting in operation; "repeated shutdowns and startups are expensive"
Found 5930 for gloss the act of starting a new operation or practice; "he opposed the inauguration of fluoridation"; "the
Found 3210000 for gloss the business of issuing printed matter for sale or distribution
Found 7250000 for gloss an artist who makes illustrations (for books or magazines or advertisements etc.)
Found 4900000 for gloss income (at invoice values) received for goods and services over some given period of time
Found 1620000 for gloss a foundation created to promote the public good (not for assistance to any particular individuals)
Found 151000 for gloss a kindly and lenient attitude toward people
Found 23400000 for gloss an activity or gift that benefits the public at large
Found 7070 for gloss pinnate-leaved European perennial having bright blue or white flowers
Found 2740000 for gloss an institution set up to provide help to the needy
Found 64000000 for gloss the body of faculty and students of a college
Found 16400000 for gloss an institution of higher education created to educate and grant degrees; often a part of a
Found 92700000 for gloss a complex of buildings in which an institution of higher education is housed
Found 9210 for gloss a hard copal derived from an African tree
Found 33400 for gloss any of various resins or oleoresins
Found 78600 for gloss how something is done or how it happens; "her dignified manner"; "his rapid manner of talking";
Found 1530000 for gloss a way of expressing something (in language or art or music etc.) that is characteristic of
Found 22400 for gloss a particular kind (as to appearance); "this style of shoe is in demand"
Found 15100 for gloss the popular taste at a given time; "leather is the latest vogue"; "he followed current trends";
Found 21800 for gloss (botany) the narrow elongated part of the pistil between the ovary and the stigma
Found 24500 for gloss editorial directions to be followed in spelling and punctuation and capitalization and typographical display
Found 23600 for gloss distinctive and stylish elegance; "he wooed her with the confident dash of a cavalry officer"
Found 27200 for gloss a pointed tool for writing or drawing or engraving; "he drew the design on the stencil
Found 8920 for gloss a slender bristlelike or tubular process; "a cartilaginous style"
Found 3550 for gloss largest city in Illinois; a bustling Great Lakes port that extends 26 miles along the southwestern
Found 53800 for gloss a gambling card game in which chips are placed on the ace and king and queen
Found 189000000 for gloss someone who performs rap music
Found 187000 for gloss a device (usually metal and ornamental) attached by a hinge to a door
Found 22700000 for gloss the cultivation of plants
Found 28200 for gloss where the air is unconfined; "he wanted to get outdoors a little"; "the concert was held
Found 18000 for gloss the aggregate of past events; "a critical time in the school's history"
Found 572000 for gloss a record or narrative description of past events; "a history of France"; "he gave an inaccurate
Found 24100 for gloss the discipline that records and interprets past events involving human beings; "he teaches Medieval history"; "history
Found 1460000 for gloss the continuum of events occurring in succession leading from the past to the present and even
Found 1660000 for gloss all that is remembered of the past as preserved in writing; a body of knowledge; "the
Found 310000000 for gloss a person who enjoys reading
Found 186000000 for gloss someone who contracts to receive and pay for a service or a certain number of issues
Found 3920000 for gloss a person who can read; a literate person
Found 179000 for gloss someone who reads manuscripts and judges their suitability for publication
Found 28100000 for gloss someone who reads proof in order to find errors and mark corrections
Found 3070000 for gloss someone who reads the lessons in a church service; someone ordained in a minor order of
Found 114000000 for gloss a public lecturer at certain universities
Found 1060000000 for gloss one of a series of texts for students learning to read
Found 7430000 for gloss literature in metrical form
Found 318000 for gloss any communication resembling poetry in beauty or the evocation of feeling
Found 24800 for gloss a medium that disseminates moving pictures; "theater pieces transferred to celluloid"; "this story would be good
Found 449000000 for gloss a theater where films are shown
Found 212000 for gloss an artistic form of nonverbal communication
Found 27200000 for gloss a party of people assembled for dancing
Found 11200000 for gloss taking a series of rhythmical steps (and movements) in time to music
Found 302000000 for gloss a party for social dancing
Found 109000 for gloss fire iron consisting of a metal rod with a handle; used to stir a fire
Found 4640000 for gloss any of various card games in which players bet that they hold the highest-ranking hand
Found 14900 for gloss Hindu discipline aimed at training the consciousness for a state of perfect spiritual insight and tranquility
Found 988000 for gloss a system of exercises practiced as part of the Hindu discipline to promote control of the
